<?xml version="1.0" encoding="UTF-8" ?>
<testsuite errors="0" failures="0" hostname="wireless-10-146-93-195.public.utexas.edu" name="pitexample.MyClassTest" skipped="0" tests="2" time="0.165" timestamp="2016-11-19T23:08:16">
  <properties>
[...]
</properties>
  <testcase classname="pitexample.MyClassTest" name="testMe1" time="0.001" />
  <testcase classname="pitexample.MyClassTest" name="testMe2" time="0.0" />
  <system-out><![CDATA[]]></system-out>
  <system-err><![CDATA[]]></system-err>
</testsuite>
