<?xml version="1.0" encoding="UTF-8" ?>
<testsuite errors="0" failures="0" hostname="wireless-10-145-191-76.public.utexas.edu" name="pitexample.MyClassTest" skipped="0" tests="4" time="0.069" timestamp="2016-11-06T23:19:05">
  <properties>
[...]
</properties>
  <testcase classname="pitexample.MyClassTest" name="testMe1" time="0.004" />
  <testcase classname="pitexample.MyClassTest" name="testMe" time="0.0" />
  <testcase classname="pitexample.MyClassTest" name="testMe2" time="0.0" />
  <testcase classname="pitexample.MyClassTest" name="testMe3" time="0.0" />
  <system-out><![CDATA[]]></system-out>
  <system-err><![CDATA[]]></system-err>
</testsuite>
